2024-03-26 09:35:37.357 [info] Added views:workbench.panel.markers.view in workbench.panel.markers
2024-03-26 09:35:37.357 [info] Added views:workbench.panel.output in workbench.panel.output
2024-03-26 09:35:37.357 [info] Added views:terminal in terminal
2024-03-26 09:35:37.366 [info] Added views:outline in workbench.view.explorer
2024-03-26 09:35:37.366 [info] Added views:workbench.scm in workbench.view.scm
2024-03-26 09:35:37.366 [info] Added views:workbench.view.search in workbench.view.search
2024-03-26 09:35:37.366 [info] Added views:timeline in workbench.view.explorer
2024-03-26 09:35:37.366 [info] Added views:workbench.explorer.emptyView in workbench.view.explorer
2024-03-26 09:35:37.719 [info] Added views:workbench.debug.variablesView,workbench.debug.watchExpressionsView,workbench.debug.callStackView,workbench.debug.breakPointsView in workbench.view.debug
2024-03-26 09:35:39.679 [info] Added views:dockerContainers,dockerImages,dockerRegistries,dockerNetworks,dockerVolumes,vscode-docker.views.dockerContexts,vscode-docker.views.help in workbench.view.extension.dockerView
2024-03-26 09:35:39.683 [info] Added views:targetsContainers,devVolumes in workbench.view.remote
2024-03-26 09:35:39.685 [info] Added views:remoteTargets in workbench.view.remote
2024-03-26 09:35:39.739 [info] Added views:~remote.forwardedPorts in ~remote.forwardedPortsContainer
2024-03-26 09:35:39.974 [info] Added views:workbench.panel.repl.view in workbench.panel.repl
2024-03-26 09:35:39.975 [info] Removed views:workbench.debug.breakPointsView,workbench.debug.callStackView,workbench.debug.watchExpressionsView,workbench.debug.variablesView from workbench.view.debug
2024-03-26 09:35:40.016 [info] Added views:workbench.debug.welcome in workbench.view.debug
2024-03-26 09:35:54.841 [info] Added views:workbench.panel.markers.view in workbench.panel.markers
2024-03-26 09:35:54.841 [info] Added views:workbench.panel.output in workbench.panel.output
2024-03-26 09:35:54.841 [info] Added views:terminal in terminal
2024-03-26 09:35:54.841 [info] Added views:outline in workbench.view.explorer
2024-03-26 09:35:54.841 [info] Added views:workbench.scm in workbench.view.scm
2024-03-26 09:35:54.841 [info] Added views:workbench.view.search in workbench.view.search
2024-03-26 09:35:54.842 [info] Added views:timeline in workbench.view.explorer
2024-03-26 09:35:54.842 [info] Added views:workbench.explorer.fileView in workbench.view.explorer
2024-03-26 09:35:55.442 [info] Added views:dockerContainers,dockerImages,dockerRegistries,dockerNetworks,dockerVolumes,vscode-docker.views.dockerContexts,vscode-docker.views.help in workbench.view.extension.dockerView
2024-03-26 09:35:55.443 [info] Added views:targetsContainers,devVolumes in workbench.view.remote
2024-03-26 09:35:55.444 [info] Added views:remoteTargets in workbench.view.remote
2024-03-26 09:35:55.711 [info] Added views:workbench.debug.variablesView,workbench.debug.watchExpressionsView,workbench.debug.callStackView,workbench.debug.breakPointsView in workbench.view.debug
2024-03-26 09:35:55.914 [info] Added views:~remote.forwardedPorts in ~remote.forwardedPortsContainer
2024-03-26 09:35:56.123 [info] Added views:workbench.panel.repl.view in workbench.panel.repl
2024-03-26 09:35:56.126 [info] Removed views:workbench.debug.breakPointsView,workbench.debug.callStackView,workbench.debug.watchExpressionsView,workbench.debug.variablesView from workbench.view.debug
2024-03-26 09:35:56.127 [info] Added views:workbench.debug.welcome in workbench.view.debug
